# JRE version: OpenJDK Runtime Environment (8.0_152-b01) (build 1.8.0_152-release-1024-b01)
# Java VM: OpenJDK 64-Bit Server VM (25.152-b01 mixed mode bsd-amd64 compressed oops)
Heap:
 PSYoungGen      total 138240K, used 77962K [0x00000007a0000000, 0x00000007aa180000, 0x00000007c0000000)
  eden space 127488K, 61% used [0x00000007a0000000,0x00000007a4c22888,0x00000007a7c80000)
  from space 10752K, 0% used [0x00000007a7c80000,0x00000007a7c80000,0x00000007a8700000)
  to   space 13312K, 0% used [0x00000007a9480000,0x00000007a9480000,0x00000007aa180000)
 ParOldGen       total 176640K, used 19091K [0x0000000760000000, 0x000000076ac80000, 0x00000007a0000000)
  object space 176640K, 10% used [0x0000000760000000,0x00000007612a4ee8,0x000000076ac80000)
 Metaspace       used 38500K, capacity 39308K, committed 39552K, reserved 1083392K
  class space    used 5265K, capacity 5500K, committed 5504K, reserved 1048576K
GC Heap History (10 events):
Event: 1.867 GC heap before
{Heap before GC invocations=3 (full 0):
 PSYoungGen      total 76288K, used 32593K [0x00000007a0000000, 0x00000007a9500000, 0x00000007c0000000)
  eden space 65536K, 33% used [0x00000007a0000000,0x00000007a15a7020,0x00000007a4000000)
  from space 10752K, 96% used [0x00000007a4a80000,0x00000007a54ad670,0x00000007a5500000)
  to   space 10752K, 0% used [0x00000007a4000000,0x00000007a4000000,0x00000007a4a80000)
 ParOldGen       total 175104K, used 24K [0x0000000760000000, 0x000000076ab00000, 0x00000007a0000000)
  object space 175104K, 0% used [0x0000000760000000,0x0000000760006000,0x000000076ab00000)
 Metaspace       used 20754K, capacity 21102K, committed 21248K, reserved 1067008K
  class space    used 2919K, capacity 3069K, committed 3072K, reserved 1048576K
Event: 1.876 GC heap after
Heap after GC invocations=3 (full 0):
 PSYoungGen      total 76288K, used 8967K [0x00000007a0000000, 0x00000007a9500000, 0x00000007c0000000)
  eden space 65536K, 0% used [0x00000007a0000000,0x00000007a0000000,0x00000007a4000000)
  from space 10752K, 83% used [0x00000007a4000000,0x00000007a48c1f58,0x00000007a4a80000)
  to   space 10752K, 0% used [0x00000007a8a80000,0x00000007a8a80000,0x00000007a9500000)
 ParOldGen       total 175104K, used 32K [0x0000000760000000, 0x000000076ab00000, 0x00000007a0000000)
  object space 175104K, 0% used [0x0000000760000000,0x0000000760008000,0x000000076ab00000)
 Metaspace       used 20754K, capacity 21102K, committed 21248K, reserved 1067008K
  class space    used 2919K, capacity 3069K, committed 3072K, reserved 1048576K
}
Event: 1.876 GC heap before
{Heap before GC invocations=4 (full 1):
 PSYoungGen      total 76288K, used 8967K [0x00000007a0000000, 0x00000007a9500000, 0x00000007c0000000)
  eden space 65536K, 0% used [0x00000007a0000000,0x00000007a0000000,0x00000007a4000000)
  from space 10752K, 83% used [0x00000007a4000000,0x00000007a48c1f58,0x00000007a4a80000)
  to   space 10752K, 0% used [0x00000007a8a80000,0x00000007a8a80000,0x00000007a9500000)
 ParOldGen       total 175104K, used 32K [0x0000000760000000, 0x000000076ab00000, 0x00000007a0000000)
  object space 175104K, 0% used [0x0000000760000000,0x0000000760008000,0x000000076ab00000)
 Metaspace       used 20754K, capacity 21102K, committed 21248K, reserved 1067008K
  class space    used 2919K, capacity 3069K, committed 3072K, reserved 1048576K
Event: 1.908 GC heap after
Heap after GC invocations=4 (full 1):
 PSYoungGen      total 76288K, used 0K [0x00000007a0000000, 0x00000007a9500000, 0x00000007c0000000)
  eden space 65536K, 0% used [0x00000007a0000000,0x00000007a0000000,0x00000007a4000000)
  from space 10752K, 0% used [0x00000007a4000000,0x00000007a4000000,0x00000007a4a80000)
  to   space 10752K, 0% used [0x00000007a8a80000,0x00000007a8a80000,0x00000007a9500000)
 ParOldGen       total 108544K, used 8740K [0x0000000760000000, 0x0000000766a00000, 0x00000007a0000000)
  object space 108544K, 8% used [0x0000000760000000,0x0000000760889198,0x0000000766a00000)
 Metaspace       used 20754K, capacity 21102K, committed 21248K, reserved 1067008K
  class space    used 2919K, capacity 3069K, committed 3072K, reserved 1048576K
}
Event: 2.640 GC heap before
{Heap before GC invocations=5 (full 1):
 PSYoungGen      total 76288K, used 65536K [0x00000007a0000000, 0x00000007a9500000, 0x00000007c0000000)
  eden space 65536K, 100% used [0x00000007a0000000,0x00000007a4000000,0x00000007a4000000)
  from space 10752K, 0% used [0x00000007a4000000,0x00000007a4000000,0x00000007a4a80000)
  to   space 10752K, 0% used [0x00000007a8a80000,0x00000007a8a80000,0x00000007a9500000)
 ParOldGen       total 108544K, used 8740K [0x0000000760000000, 0x0000000766a00000, 0x00000007a0000000)
  object space 108544K, 8% used [0x0000000760000000,0x0000000760889198,0x0000000766a00000)
 Metaspace       used 26228K, capacity 26702K, committed 27136K, reserved 1073152K
  class space    used 3637K, capacity 3796K, committed 3840K, reserved 1048576K
Event: 2.649 GC heap after
Heap after GC invocations=5 (full 1):
 PSYoungGen      total 103936K, used 6761K [0x00000007a0000000, 0x00000007a9180000, 0x00000007c0000000)
  eden space 96768K, 0% used [0x00000007a0000000,0x00000007a0000000,0x00000007a5e80000)
  from space 7168K, 94% used [0x00000007a8a80000,0x00000007a911a4f8,0x00000007a9180000)
  to   space 10752K, 0% used [0x00000007a7c80000,0x00000007a7c80000,0x00000007a8700000)
 ParOldGen       total 108544K, used 8748K [0x0000000760000000, 0x0000000766a00000, 0x00000007a0000000)
  object space 108544K, 8% used [0x0000000760000000,0x000000076088b198,0x0000000766a00000)
 Metaspace       used 26228K, capacity 26702K, committed 27136K, reserved 1073152K
  class space    used 3637K, capacity 3796K, committed 3840K, reserved 1048576K
}
Event: 4.058 GC heap before
{Heap before GC invocations=6 (full 1):
 PSYoungGen      total 103936K, used 97328K [0x00000007a0000000, 0x00000007a9180000, 0x00000007c0000000)
  eden space 96768K, 93% used [0x00000007a0000000,0x00000007a5871e98,0x00000007a5e80000)
  from space 7168K, 94% used [0x00000007a8a80000,0x00000007a911a4f8,0x00000007a9180000)
  to   space 10752K, 0% used [0x00000007a7c80000,0x00000007a7c80000,0x00000007a8700000)
 ParOldGen       total 108544K, used 8748K [0x0000000760000000, 0x0000000766a00000, 0x00000007a0000000)
  object space 108544K, 8% used [0x0000000760000000,0x000000076088b198,0x0000000766a00000)
 Metaspace       used 34515K, capacity 35152K, committed 35416K, reserved 1079296K
  class space    used 4763K, capacity 4998K, committed 5120K, reserved 1048576K
Event: 4.068 GC heap after
Heap after GC invocations=6 (full 1):
 PSYoungGen      total 138240K, used 10736K [0x00000007a0000000, 0x00000007aa180000, 0x00000007c0000000)
  eden space 127488K, 0% used [0x00000007a0000000,0x00000007a0000000,0x00000007a7c80000)
  from space 10752K, 99% used [0x00000007a7c80000,0x00000007a86fc258,0x00000007a8700000)
  to   space 13312K, 0% used [0x00000007a9480000,0x00000007a9480000,0x00000007aa180000)
 ParOldGen       total 108544K, used 10578K [0x0000000760000000, 0x0000000766a00000, 0x00000007a0000000)
  object space 108544K, 9% used [0x0000000760000000,0x0000000760a54a60,0x0000000766a00000)
 Metaspace       used 34515K, capacity 35152K, committed 35416K, reserved 1079296K
  class space    used 4763K, capacity 4998K, committed 5120K, reserved 1048576K
}
Event: 4.068 GC heap before
{Heap before GC invocations=7 (full 2):
 PSYoungGen      total 138240K, used 10736K [0x00000007a0000000, 0x00000007aa180000, 0x00000007c0000000)
  eden space 127488K, 0% used [0x00000007a0000000,0x00000007a0000000,0x00000007a7c80000)
  from space 10752K, 99% used [0x00000007a7c80000,0x00000007a86fc258,0x00000007a8700000)
  to   space 13312K, 0% used [0x00000007a9480000,0x00000007a9480000,0x00000007aa180000)
 ParOldGen       total 108544K, used 10578K [0x0000000760000000, 0x0000000766a00000, 0x00000007a0000000)
  object space 108544K, 9% used [0x0000000760000000,0x0000000760a54a60,0x0000000766a00000)
 Metaspace       used 34515K, capacity 35152K, committed 35416K, reserved 1079296K
  class space    used 4763K, capacity 4998K, committed 5120K, reserved 1048576K
Event: 4.105 GC heap after
Heap after GC invocations=7 (full 2):
 PSYoungGen      total 138240K, used 0K [0x00000007a0000000, 0x00000007aa180000, 0x00000007c0000000)
  eden space 127488K, 0% used [0x00000007a0000000,0x00000007a0000000,0x00000007a7c80000)
  from space 10752K, 0% used [0x00000007a7c80000,0x00000007a7c80000,0x00000007a8700000)
  to   space 13312K, 0% used [0x00000007a9480000,0x00000007a9480000,0x00000007aa180000)
 ParOldGen       total 176640K, used 19091K [0x0000000760000000, 0x000000076ac80000, 0x00000007a0000000)
  object space 176640K, 10% used [0x0000000760000000,0x00000007612a4ee8,0x000000076ac80000)
 Metaspace       used 34515K, capacity 35152K, committed 35416K, reserved 1079296K
  class space    used 4763K, capacity 4998K, committed 5120K, reserved 1048576K
}

