# JRE version: OpenJDK Runtime Environment (8.0_152-b01) (build 1.8.0_152-release-1024-b01)
# Java VM: OpenJDK 64-Bit Server VM (25.152-b01 mixed mode bsd-amd64 compressed oops)
Heap:
 PSYoungGen      total 221696K, used 120735K [0x00000007a0000000, 0x00000007b2880000, 0x00000007c0000000)
  eden space 197120K, 48% used [0x00000007a0000000,0x00000007a5de8428,0x00000007ac080000)
  from space 24576K, 99% used [0x00000007ac080000,0x00000007ad87f948,0x00000007ad880000)
  to   space 33280K, 0% used [0x00000007b0800000,0x00000007b0800000,0x00000007b2880000)
 ParOldGen       total 251392K, used 44993K [0x0000000760000000, 0x000000076f580000, 0x00000007a0000000)
  object space 251392K, 17% used [0x0000000760000000,0x0000000762bf0478,0x000000076f580000)
 Metaspace       used 71437K, capacity 75192K, committed 75264K, reserved 1114112K
  class space    used 9643K, capacity 10427K, committed 10496K, reserved 1048576K
GC Heap History (10 events):
Event: 5.770 GC heap before
{Heap before GC invocations=8 (full 2):
 PSYoungGen      total 138240K, used 127488K [0x00000007a0000000, 0x00000007aa780000, 0x00000007c0000000)
  eden space 127488K, 100% used [0x00000007a0000000,0x00000007a7c80000,0x00000007a7c80000)
  from space 10752K, 0% used [0x00000007a7c80000,0x00000007a7c80000,0x00000007a8700000)
  to   space 13312K, 0% used [0x00000007a9a80000,0x00000007a9a80000,0x00000007aa780000)
 ParOldGen       total 173568K, used 19085K [0x0000000760000000, 0x000000076a980000, 0x00000007a0000000)
  object space 173568K, 10% used [0x0000000760000000,0x00000007612a3598,0x000000076a980000)
 Metaspace       used 42570K, capacity 43584K, committed 43904K, reserved 1087488K
  class space    used 5892K, capacity 6201K, committed 6272K, reserved 1048576K
Event: 5.782 GC heap after
Heap after GC invocations=8 (full 2):
 PSYoungGen      total 156160K, used 13293K [0x00000007a0000000, 0x00000007acd00000, 0x00000007c0000000)
  eden space 142848K, 0% used [0x00000007a0000000,0x00000007a0000000,0x00000007a8b80000)
  from space 13312K, 99% used [0x00000007a9a80000,0x00000007aa77b4f8,0x00000007aa780000)
  to   space 15360K, 0% used [0x00000007a8b80000,0x00000007a8b80000,0x00000007a9a80000)
 ParOldGen       total 173568K, used 19701K [0x0000000760000000, 0x000000076a980000, 0x00000007a0000000)
  object space 173568K, 11% used [0x0000000760000000,0x000000076133d510,0x000000076a980000)
 Metaspace       used 42570K, capacity 43584K, committed 43904K, reserved 1087488K
  class space    used 5892K, capacity 6201K, committed 6272K, reserved 1048576K
}
Event: 7.846 GC heap before
{Heap before GC invocations=9 (full 2):
 PSYoungGen      total 156160K, used 156141K [0x00000007a0000000, 0x00000007acd00000, 0x00000007c0000000)
  eden space 142848K, 100% used [0x00000007a0000000,0x00000007a8b80000,0x00000007a8b80000)
  from space 13312K, 99% used [0x00000007a9a80000,0x00000007aa77b4f8,0x00000007aa780000)
  to   space 15360K, 0% used [0x00000007a8b80000,0x00000007a8b80000,0x00000007a9a80000)
 ParOldGen       total 173568K, used 19701K [0x0000000760000000, 0x000000076a980000, 0x00000007a0000000)
  object space 173568K, 11% used [0x0000000760000000,0x000000076133d510,0x000000076a980000)
 Metaspace       used 53815K, capacity 55462K, committed 55680K, reserved 1097728K
  class space    used 7369K, capacity 7762K, committed 7808K, reserved 1048576K
Event: 7.868 GC heap after
Heap after GC invocations=9 (full 2):
 PSYoungGen      total 158208K, used 15349K [0x00000007a0000000, 0x00000007aee00000, 0x00000007c0000000)
  eden space 142848K, 0% used [0x00000007a0000000,0x00000007a0000000,0x00000007a8b80000)
  from space 15360K, 99% used [0x00000007a8b80000,0x00000007a9a7d520,0x00000007a9a80000)
  to   space 22016K, 0% used [0x00000007ad880000,0x00000007ad880000,0x00000007aee00000)
 ParOldGen       total 173568K, used 29275K [0x0000000760000000, 0x000000076a980000, 0x00000007a0000000)
  object space 173568K, 16% used [0x0000000760000000,0x0000000761c96ed0,0x000000076a980000)
 Metaspace       used 53815K, capacity 55462K, committed 55680K, reserved 1097728K
  class space    used 7369K, capacity 7762K, committed 7808K, reserved 1048576K
}
Event: 9.651 GC heap before
{Heap before GC invocations=10 (full 2):
 PSYoungGen      total 158208K, used 87407K [0x00000007a0000000, 0x00000007aee00000, 0x00000007c0000000)
  eden space 142848K, 50% used [0x00000007a0000000,0x00000007a465e9f0,0x00000007a8b80000)
  from space 15360K, 99% used [0x00000007a8b80000,0x00000007a9a7d520,0x00000007a9a80000)
  to   space 22016K, 0% used [0x00000007ad880000,0x00000007ad880000,0x00000007aee00000)
 ParOldGen       total 173568K, used 29275K [0x0000000760000000, 0x000000076a980000, 0x00000007a0000000)
  object space 173568K, 16% used [0x0000000760000000,0x0000000761c96ed0,0x000000076a980000)
 Metaspace       used 57173K, capacity 58918K, committed 59008K, reserved 1099776K
  class space    used 7786K, capacity 8230K, committed 8320K, reserved 1048576K
Event: 9.668 GC heap after
Heap after GC invocations=10 (full 2):
 PSYoungGen      total 219136K, used 20190K [0x00000007a0000000, 0x00000007af180000, 0x00000007c0000000)
  eden space 197120K, 0% used [0x00000007a0000000,0x00000007a0000000,0x00000007ac080000)
  from space 22016K, 91% used [0x00000007ad880000,0x00000007aec37b28,0x00000007aee00000)
  to   space 24576K, 0% used [0x00000007ac080000,0x00000007ac080000,0x00000007ad880000)
 ParOldGen       total 173568K, used 29347K [0x0000000760000000, 0x000000076a980000, 0x00000007a0000000)
  object space 173568K, 16% used [0x0000000760000000,0x0000000761ca8ee0,0x000000076a980000)
 Metaspace       used 57173K, capacity 58918K, committed 59008K, reserved 1099776K
  class space    used 7786K, capacity 8230K, committed 8320K, reserved 1048576K
}
Event: 9.668 GC heap before
{Heap before GC invocations=11 (full 3):
 PSYoungGen      total 219136K, used 20190K [0x00000007a0000000, 0x00000007af180000, 0x00000007c0000000)
  eden space 197120K, 0% used [0x00000007a0000000,0x00000007a0000000,0x00000007ac080000)
  from space 22016K, 91% used [0x00000007ad880000,0x00000007aec37b28,0x00000007aee00000)
  to   space 24576K, 0% used [0x00000007ac080000,0x00000007ac080000,0x00000007ad880000)
 ParOldGen       total 173568K, used 29347K [0x0000000760000000, 0x000000076a980000, 0x00000007a0000000)
  object space 173568K, 16% used [0x0000000760000000,0x0000000761ca8ee0,0x000000076a980000)
 Metaspace       used 57173K, capacity 58918K, committed 59008K, reserved 1099776K
  class space    used 7786K, capacity 8230K, committed 8320K, reserved 1048576K
Event: 9.820 GC heap after
Heap after GC invocations=11 (full 3):
 PSYoungGen      total 219136K, used 0K [0x00000007a0000000, 0x00000007af180000, 0x00000007c0000000)
  eden space 197120K, 0% used [0x00000007a0000000,0x00000007a0000000,0x00000007ac080000)
  from space 22016K, 0% used [0x00000007ad880000,0x00000007ad880000,0x00000007aee00000)
  to   space 24576K, 0% used [0x00000007ac080000,0x00000007ac080000,0x00000007ad880000)
 ParOldGen       total 251392K, used 31701K [0x0000000760000000, 0x000000076f580000, 0x00000007a0000000)
  object space 251392K, 12% used [0x0000000760000000,0x0000000761ef5630,0x000000076f580000)
 Metaspace       used 57171K, capacity 58912K, committed 59008K, reserved 1099776K
  class space    used 7785K, capacity 8229K, committed 8320K, reserved 1048576K
}
Event: 12.243 GC heap before
{Heap before GC invocations=12 (full 3):
 PSYoungGen      total 219136K, used 197120K [0x00000007a0000000, 0x00000007af180000, 0x00000007c0000000)
  eden space 197120K, 100% used [0x00000007a0000000,0x00000007ac080000,0x00000007ac080000)
  from space 22016K, 0% used [0x00000007ad880000,0x00000007ad880000,0x00000007aee00000)
  to   space 24576K, 0% used [0x00000007ac080000,0x00000007ac080000,0x00000007ad880000)
 ParOldGen       total 251392K, used 31701K [0x0000000760000000, 0x000000076f580000, 0x00000007a0000000)
  object space 251392K, 12% used [0x0000000760000000,0x0000000761ef5630,0x000000076f580000)
 Metaspace       used 69882K, capacity 73394K, committed 73472K, reserved 1112064K
  class space    used 9446K, capacity 10210K, committed 10240K, reserved 1048576K
Event: 12.268 GC heap after
Heap after GC invocations=12 (full 3):
 PSYoungGen      total 221696K, used 24574K [0x00000007a0000000, 0x00000007b2880000, 0x00000007c0000000)
  eden space 197120K, 0% used [0x00000007a0000000,0x00000007a0000000,0x00000007ac080000)
  from space 24576K, 99% used [0x00000007ac080000,0x00000007ad87f948,0x00000007ad880000)
  to   space 33280K, 0% used [0x00000007b0800000,0x00000007b0800000,0x00000007b2880000)
 ParOldGen       total 251392K, used 44993K [0x0000000760000000, 0x000000076f580000, 0x00000007a0000000)
  object space 251392K, 17% used [0x0000000760000000,0x0000000762bf0478,0x000000076f580000)
 Metaspace       used 69882K, capacity 73394K, committed 73472K, reserved 1112064K
  class space    used 9446K, capacity 10210K, committed 10240K, reserved 1048576K
}

