# JRE version: OpenJDK Runtime Environment (8.0_152-b01) (build 1.8.0_152-release-1024-b01)
# Java VM: OpenJDK 64-Bit Server VM (25.152-b01 mixed mode bsd-amd64 compressed oops)
Heap:
 PSYoungGen      total 258048K, used 208830K [0x00000007a0000000, 0x00000007b6100000, 0x00000007c0000000)
  eden space 223232K, 82% used [0x00000007a0000000,0x00000007ab488038,0x00000007ada00000)
  from space 34816K, 68% used [0x00000007ada00000,0x00000007af167908,0x00000007afc00000)
  to   space 35328K, 0% used [0x00000007b3e80000,0x00000007b3e80000,0x00000007b6100000)
 ParOldGen       total 280064K, used 47148K [0x0000000760000000, 0x0000000771180000, 0x00000007a0000000)
  object space 280064K, 16% used [0x0000000760000000,0x0000000762e0b020,0x0000000771180000)
 Metaspace       used 76498K, capacity 81650K, committed 81812K, reserved 1120256K
  class space    used 10206K, capacity 11135K, committed 11196K, reserved 1048576K
GC Heap History (10 events):
Event: 199.782 GC heap before
{Heap before GC invocations=12 (full 3):
 PSYoungGen      total 185344K, used 165376K [0x00000007a0000000, 0x00000007acf80000, 0x00000007c0000000)
  eden space 165376K, 100% used [0x00000007a0000000,0x00000007aa180000,0x00000007aa180000)
  from space 19968K, 0% used [0x00000007ab780000,0x00000007ab780000,0x00000007acb00000)
  to   space 22528K, 0% used [0x00000007aa180000,0x00000007aa180000,0x00000007ab780000)
 ParOldGen       total 280064K, used 31740K [0x0000000760000000, 0x0000000771180000, 0x00000007a0000000)
  object space 280064K, 11% used [0x0000000760000000,0x0000000761eff2c0,0x0000000771180000)
 Metaspace       used 62407K, capacity 64352K, committed 64532K, reserved 1105920K
  class space    used 8256K, capacity 8686K, committed 8764K, reserved 1048576K
Event: 199.793 GC heap after
Heap after GC invocations=12 (full 3):
 PSYoungGen      total 187904K, used 15418K [0x00000007a0000000, 0x00000007ae480000, 0x00000007c0000000)
  eden space 165376K, 0% used [0x00000007a0000000,0x00000007a0000000,0x00000007aa180000)
  from space 22528K, 68% used [0x00000007aa180000,0x00000007ab08e950,0x00000007ab780000)
  to   space 22528K, 0% used [0x00000007ace80000,0x00000007ace80000,0x00000007ae480000)
 ParOldGen       total 280064K, used 31748K [0x0000000760000000, 0x0000000771180000, 0x00000007a0000000)
  object space 280064K, 11% used [0x0000000760000000,0x0000000761f012c0,0x0000000771180000)
 Metaspace       used 62407K, capacity 64352K, committed 64532K, reserved 1105920K
  class space    used 8256K, capacity 8686K, committed 8764K, reserved 1048576K
}
Event: 201.848 GC heap before
{Heap before GC invocations=13 (full 3):
 PSYoungGen      total 187904K, used 179424K [0x00000007a0000000, 0x00000007ae480000, 0x00000007c0000000)
  eden space 165376K, 99% used [0x00000007a0000000,0x00000007aa0299c0,0x00000007aa180000)
  from space 22528K, 68% used [0x00000007aa180000,0x00000007ab08e950,0x00000007ab780000)
  to   space 22528K, 0% used [0x00000007ace80000,0x00000007ace80000,0x00000007ae480000)
 ParOldGen       total 280064K, used 31748K [0x0000000760000000, 0x0000000771180000, 0x00000007a0000000)
  object space 280064K, 11% used [0x0000000760000000,0x0000000761f012c0,0x0000000771180000)
 Metaspace       used 72272K, capacity 76940K, committed 77204K, reserved 1116160K
  class space    used 9743K, capacity 10586K, committed 10684K, reserved 1048576K
Event: 201.877 GC heap after
Heap after GC invocations=13 (full 3):
 PSYoungGen      total 203264K, used 22521K [0x00000007a0000000, 0x00000007af900000, 0x00000007c0000000)
  eden space 180736K, 0% used [0x00000007a0000000,0x00000007a0000000,0x00000007ab080000)
  from space 22528K, 99% used [0x00000007ace80000,0x00000007ae47e4d0,0x00000007ae480000)
  to   space 30720K, 0% used [0x00000007ab080000,0x00000007ab080000,0x00000007ace80000)
 ParOldGen       total 280064K, used 47124K [0x0000000760000000, 0x0000000771180000, 0x00000007a0000000)
  object space 280064K, 16% used [0x0000000760000000,0x0000000762e05020,0x0000000771180000)
 Metaspace       used 72272K, capacity 76940K, committed 77204K, reserved 1116160K
  class space    used 9743K, capacity 10586K, committed 10684K, reserved 1048576K
}
Event: 202.520 GC heap before
{Heap before GC invocations=14 (full 3):
 PSYoungGen      total 203264K, used 202318K [0x00000007a0000000, 0x00000007af900000, 0x00000007c0000000)
  eden space 180736K, 99% used [0x00000007a0000000,0x00000007aaf953a0,0x00000007ab080000)
  from space 22528K, 99% used [0x00000007ace80000,0x00000007ae47e4d0,0x00000007ae480000)
  to   space 30720K, 0% used [0x00000007ab080000,0x00000007ab080000,0x00000007ace80000)
 ParOldGen       total 280064K, used 47124K [0x0000000760000000, 0x0000000771180000, 0x00000007a0000000)
  object space 280064K, 16% used [0x0000000760000000,0x0000000762e05020,0x0000000771180000)
 Metaspace       used 74221K, capacity 79042K, committed 79252K, reserved 1118208K
  class space    used 9979K, capacity 10879K, committed 10940K, reserved 1048576K
Event: 202.540 GC heap after
Heap after GC invocations=14 (full 3):
 PSYoungGen      total 211456K, used 30324K [0x00000007a0000000, 0x00000007b1e00000, 0x00000007c0000000)
  eden space 180736K, 0% used [0x00000007a0000000,0x00000007a0000000,0x00000007ab080000)
  from space 30720K, 98% used [0x00000007ab080000,0x00000007ace1d1c8,0x00000007ace80000)
  to   space 34816K, 0% used [0x00000007afc00000,0x00000007afc00000,0x00000007b1e00000)
 ParOldGen       total 280064K, used 47132K [0x0000000760000000, 0x0000000771180000, 0x00000007a0000000)
  object space 280064K, 16% used [0x0000000760000000,0x0000000762e07020,0x0000000771180000)
 Metaspace       used 74221K, capacity 79042K, committed 79252K, reserved 1118208K
  class space    used 9979K, capacity 10879K, committed 10940K, reserved 1048576K
}
Event: 202.741 GC heap before
{Heap before GC invocations=15 (full 3):
 PSYoungGen      total 211456K, used 211060K [0x00000007a0000000, 0x00000007b1e00000, 0x00000007c0000000)
  eden space 180736K, 100% used [0x00000007a0000000,0x00000007ab080000,0x00000007ab080000)
  from space 30720K, 98% used [0x00000007ab080000,0x00000007ace1d1c8,0x00000007ace80000)
  to   space 34816K, 0% used [0x00000007afc00000,0x00000007afc00000,0x00000007b1e00000)
 ParOldGen       total 280064K, used 47132K [0x0000000760000000, 0x0000000771180000, 0x00000007a0000000)
  object space 280064K, 16% used [0x0000000760000000,0x0000000762e07020,0x0000000771180000)
 Metaspace       used 74770K, capacity 79612K, committed 79892K, reserved 1118208K
  class space    used 10091K, capacity 10956K, committed 11068K, reserved 1048576K
Event: 202.758 GC heap after
Heap after GC invocations=15 (full 3):
 PSYoungGen      total 258048K, used 21342K [0x00000007a0000000, 0x00000007b3180000, 0x00000007c0000000)
  eden space 223232K, 0% used [0x00000007a0000000,0x00000007a0000000,0x00000007ada00000)
  from space 34816K, 61% used [0x00000007afc00000,0x00000007b10d79d0,0x00000007b1e00000)
  to   space 34816K, 0% used [0x00000007ada00000,0x00000007ada00000,0x00000007afc00000)
 ParOldGen       total 280064K, used 47140K [0x0000000760000000, 0x0000000771180000, 0x00000007a0000000)
  object space 280064K, 16% used [0x0000000760000000,0x0000000762e09020,0x0000000771180000)
 Metaspace       used 74770K, capacity 79612K, committed 79892K, reserved 1118208K
  class space    used 10091K, capacity 10956K, committed 11068K, reserved 1048576K
}
Event: 1334.326 GC heap before
{Heap before GC invocations=16 (full 3):
 PSYoungGen      total 258048K, used 244574K [0x00000007a0000000, 0x00000007b3180000, 0x00000007c0000000)
  eden space 223232K, 100% used [0x00000007a0000000,0x00000007ada00000,0x00000007ada00000)
  from space 34816K, 61% used [0x00000007afc00000,0x00000007b10d79d0,0x00000007b1e00000)
  to   space 34816K, 0% used [0x00000007ada00000,0x00000007ada00000,0x00000007afc00000)
 ParOldGen       total 280064K, used 47140K [0x0000000760000000, 0x0000000771180000, 0x00000007a0000000)
  object space 280064K, 16% used [0x0000000760000000,0x0000000762e09020,0x0000000771180000)
 Metaspace       used 76154K, capacity 81324K, committed 81556K, reserved 1120256K
  class space    used 10192K, capacity 11124K, committed 11196K, reserved 1048576K
Event: 1334.366 GC heap after
Heap after GC invocations=16 (full 3):
 PSYoungGen      total 258048K, used 23966K [0x00000007a0000000, 0x00000007b6100000, 0x00000007c0000000)
  eden space 223232K, 0% used [0x00000007a0000000,0x00000007a0000000,0x00000007ada00000)
  from space 34816K, 68% used [0x00000007ada00000,0x00000007af167908,0x00000007afc00000)
  to   space 35328K, 0% used [0x00000007b3e80000,0x00000007b3e80000,0x00000007b6100000)
 ParOldGen       total 280064K, used 47148K [0x0000000760000000, 0x0000000771180000, 0x00000007a0000000)
  object space 280064K, 16% used [0x0000000760000000,0x0000000762e0b020,0x0000000771180000)
 Metaspace       used 76154K, capacity 81324K, committed 81556K, reserved 1120256K
  class space    used 10192K, capacity 11124K, committed 11196K, reserved 1048576K
}

