# JRE version: OpenJDK Runtime Environment (8.0_152-b01) (build 1.8.0_152-release-1024-b01)
# Java VM: OpenJDK 64-Bit Server VM (25.152-b01 mixed mode bsd-amd64 compressed oops)
Heap:
 PSYoungGen      total 272896K, used 81066K [0x00000007a0000000, 0x00000007b2400000, 0x00000007c0000000)
  eden space 262144K, 30% used [0x00000007a0000000,0x00000007a4f2a940,0x00000007b0000000)
  from space 10752K, 0% used [0x00000007b0000000,0x00000007b0000000,0x00000007b0a80000)
  to   space 12800K, 0% used [0x00000007b1780000,0x00000007b1780000,0x00000007b2400000)
 ParOldGen       total 158208K, used 16244K [0x0000000760000000, 0x0000000769a80000, 0x00000007a0000000)
  object space 158208K, 10% used [0x0000000760000000,0x0000000760fdd3b0,0x0000000769a80000)
 Metaspace       used 38887K, capacity 39716K, committed 39936K, reserved 1083392K
  class space    used 5291K, capacity 5582K, committed 5632K, reserved 1048576K
GC Heap History (10 events):
Event: 2.155 GC heap before
{Heap before GC invocations=3 (full 0):
 PSYoungGen      total 141824K, used 33452K [0x00000007a0000000, 0x00000007a9500000, 0x00000007c0000000)
  eden space 131072K, 17% used [0x00000007a0000000,0x00000007a169b958,0x00000007a8000000)
  from space 10752K, 95% used [0x00000007a8a80000,0x00000007a948f8b0,0x00000007a9500000)
  to   space 10752K, 0% used [0x00000007a8000000,0x00000007a8000000,0x00000007a8a80000)
 ParOldGen       total 175104K, used 24K [0x0000000760000000, 0x000000076ab00000, 0x00000007a0000000)
  object space 175104K, 0% used [0x0000000760000000,0x0000000760006000,0x000000076ab00000)
 Metaspace       used 20748K, capacity 21102K, committed 21248K, reserved 1067008K
  class space    used 2916K, capacity 3069K, committed 3072K, reserved 1048576K
Event: 2.165 GC heap after
Heap after GC invocations=3 (full 0):
 PSYoungGen      total 141824K, used 9079K [0x00000007a0000000, 0x00000007b1500000, 0x00000007c0000000)
  eden space 131072K, 0% used [0x00000007a0000000,0x00000007a0000000,0x00000007a8000000)
  from space 10752K, 84% used [0x00000007a8000000,0x00000007a88ddf68,0x00000007a8a80000)
  to   space 10752K, 0% used [0x00000007b0a80000,0x00000007b0a80000,0x00000007b1500000)
 ParOldGen       total 175104K, used 32K [0x0000000760000000, 0x000000076ab00000, 0x00000007a0000000)
  object space 175104K, 0% used [0x0000000760000000,0x0000000760008000,0x000000076ab00000)
 Metaspace       used 20748K, capacity 21102K, committed 21248K, reserved 1067008K
  class space    used 2916K, capacity 3069K, committed 3072K, reserved 1048576K
}
Event: 2.165 GC heap before
{Heap before GC invocations=4 (full 1):
 PSYoungGen      total 141824K, used 9079K [0x00000007a0000000, 0x00000007b1500000, 0x00000007c0000000)
  eden space 131072K, 0% used [0x00000007a0000000,0x00000007a0000000,0x00000007a8000000)
  from space 10752K, 84% used [0x00000007a8000000,0x00000007a88ddf68,0x00000007a8a80000)
  to   space 10752K, 0% used [0x00000007b0a80000,0x00000007b0a80000,0x00000007b1500000)
 ParOldGen       total 175104K, used 32K [0x0000000760000000, 0x000000076ab00000, 0x00000007a0000000)
  object space 175104K, 0% used [0x0000000760000000,0x0000000760008000,0x000000076ab00000)
 Metaspace       used 20748K, capacity 21102K, committed 21248K, reserved 1067008K
  class space    used 2916K, capacity 3069K, committed 3072K, reserved 1048576K
Event: 2.199 GC heap after
Heap after GC invocations=4 (full 1):
 PSYoungGen      total 141824K, used 0K [0x00000007a0000000, 0x00000007b1500000, 0x00000007c0000000)
  eden space 131072K, 0% used [0x00000007a0000000,0x00000007a0000000,0x00000007a8000000)
  from space 10752K, 0% used [0x00000007a8000000,0x00000007a8000000,0x00000007a8a80000)
  to   space 10752K, 0% used [0x00000007b0a80000,0x00000007b0a80000,0x00000007b1500000)
 ParOldGen       total 107520K, used 8762K [0x0000000760000000, 0x0000000766900000, 0x00000007a0000000)
  object space 107520K, 8% used [0x0000000760000000,0x000000076088eaf0,0x0000000766900000)
 Metaspace       used 20748K, capacity 21102K, committed 21248K, reserved 1067008K
  class space    used 2916K, capacity 3069K, committed 3072K, reserved 1048576K
}
Event: 3.891 GC heap before
{Heap before GC invocations=5 (full 1):
 PSYoungGen      total 141824K, used 131072K [0x00000007a0000000, 0x00000007b1500000, 0x00000007c0000000)
  eden space 131072K, 100% used [0x00000007a0000000,0x00000007a8000000,0x00000007a8000000)
  from space 10752K, 0% used [0x00000007a8000000,0x00000007a8000000,0x00000007a8a80000)
  to   space 10752K, 0% used [0x00000007b0a80000,0x00000007b0a80000,0x00000007b1500000)
 ParOldGen       total 107520K, used 8762K [0x0000000760000000, 0x0000000766900000, 0x00000007a0000000)
  object space 107520K, 8% used [0x0000000760000000,0x000000076088eaf0,0x0000000766900000)
 Metaspace       used 29465K, capacity 30044K, committed 30336K, reserved 1075200K
  class space    used 4143K, capacity 4353K, committed 4480K, reserved 1048576K
Event: 3.907 GC heap after
Heap after GC invocations=5 (full 1):
 PSYoungGen      total 204800K, used 10747K [0x00000007a0000000, 0x00000007b1500000, 0x00000007c0000000)
  eden space 194048K, 0% used [0x00000007a0000000,0x00000007a0000000,0x00000007abd80000)
  from space 10752K, 99% used [0x00000007b0a80000,0x00000007b14feca0,0x00000007b1500000)
  to   space 10752K, 0% used [0x00000007b0000000,0x00000007b0000000,0x00000007b0a80000)
 ParOldGen       total 107520K, used 10590K [0x0000000760000000, 0x0000000766900000, 0x00000007a0000000)
  object space 107520K, 9% used [0x0000000760000000,0x0000000760a578a0,0x0000000766900000)
 Metaspace       used 29465K, capacity 30044K, committed 30336K, reserved 1075200K
  class space    used 4143K, capacity 4353K, committed 4480K, reserved 1048576K
}
Event: 295.260 GC heap before
{Heap before GC invocations=6 (full 1):
 PSYoungGen      total 204800K, used 73965K [0x00000007a0000000, 0x00000007b1500000, 0x00000007c0000000)
  eden space 194048K, 32% used [0x00000007a0000000,0x00000007a3dbc930,0x00000007abd80000)
  from space 10752K, 99% used [0x00000007b0a80000,0x00000007b14feca0,0x00000007b1500000)
  to   space 10752K, 0% used [0x00000007b0000000,0x00000007b0000000,0x00000007b0a80000)
 ParOldGen       total 107520K, used 10590K [0x0000000760000000, 0x0000000766900000, 0x00000007a0000000)
  object space 107520K, 9% used [0x0000000760000000,0x0000000760a578a0,0x0000000766900000)
 Metaspace       used 34477K, capacity 35282K, committed 35416K, reserved 1079296K
  class space    used 4757K, capacity 5045K, committed 5120K, reserved 1048576K
Event: 295.275 GC heap after
Heap after GC invocations=6 (full 1):
 PSYoungGen      total 272896K, used 9962K [0x00000007a0000000, 0x00000007b2400000, 0x00000007c0000000)
  eden space 262144K, 0% used [0x00000007a0000000,0x00000007a0000000,0x00000007b0000000)
  from space 10752K, 92% used [0x00000007b0000000,0x00000007b09babf8,0x00000007b0a80000)
  to   space 12800K, 0% used [0x00000007b1780000,0x00000007b1780000,0x00000007b2400000)
 ParOldGen       total 107520K, used 10598K [0x0000000760000000, 0x0000000766900000, 0x00000007a0000000)
  object space 107520K, 9% used [0x0000000760000000,0x0000000760a598a0,0x0000000766900000)
 Metaspace       used 34477K, capacity 35282K, committed 35416K, reserved 1079296K
  class space    used 4757K, capacity 5045K, committed 5120K, reserved 1048576K
}
Event: 295.275 GC heap before
{Heap before GC invocations=7 (full 2):
 PSYoungGen      total 272896K, used 9962K [0x00000007a0000000, 0x00000007b2400000, 0x00000007c0000000)
  eden space 262144K, 0% used [0x00000007a0000000,0x00000007a0000000,0x00000007b0000000)
  from space 10752K, 92% used [0x00000007b0000000,0x00000007b09babf8,0x00000007b0a80000)
  to   space 12800K, 0% used [0x00000007b1780000,0x00000007b1780000,0x00000007b2400000)
 ParOldGen       total 107520K, used 10598K [0x0000000760000000, 0x0000000766900000, 0x00000007a0000000)
  object space 107520K, 9% used [0x0000000760000000,0x0000000760a598a0,0x0000000766900000)
 Metaspace       used 34477K, capacity 35282K, committed 35416K, reserved 1079296K
  class space    used 4757K, capacity 5045K, committed 5120K, reserved 1048576K
Event: 295.333 GC heap after
Heap after GC invocations=7 (full 2):
 PSYoungGen      total 272896K, used 0K [0x00000007a0000000, 0x00000007b2400000, 0x00000007c0000000)
  eden space 262144K, 0% used [0x00000007a0000000,0x00000007a0000000,0x00000007b0000000)
  from space 10752K, 0% used [0x00000007b0000000,0x00000007b0000000,0x00000007b0a80000)
  to   space 12800K, 0% used [0x00000007b1780000,0x00000007b1780000,0x00000007b2400000)
 ParOldGen       total 158208K, used 16244K [0x0000000760000000, 0x0000000769a80000, 0x00000007a0000000)
  object space 158208K, 10% used [0x0000000760000000,0x0000000760fdd3b0,0x0000000769a80000)
 Metaspace       used 34477K, capacity 35282K, committed 35416K, reserved 1079296K
  class space    used 4757K, capacity 5045K, committed 5120K, reserved 1048576K
}

