# JRE version: OpenJDK Runtime Environment (8.0_152-b01) (build 1.8.0_152-release-1024-b01)
# Java VM: OpenJDK 64-Bit Server VM (25.152-b01 mixed mode bsd-amd64 compressed oops)
Heap:
 PSYoungGen      total 367616K, used 57079K [0x00000007a0000000, 0x00000007ba780000, 0x00000007c0000000)
  eden space 330752K, 6% used [0x00000007a0000000,0x00000007a140ad10,0x00000007b4300000)
  from space 36864K, 99% used [0x00000007b7480000,0x00000007b9833138,0x00000007b9880000)
  to   space 15360K, 0% used [0x00000007b9880000,0x00000007b9880000,0x00000007ba780000)
 ParOldGen       total 260608K, used 51183K [0x0000000760000000, 0x000000076fe80000, 0x00000007a0000000)
  object space 260608K, 19% used [0x0000000760000000,0x00000007631fbf68,0x000000076fe80000)
 Metaspace       used 80798K, capacity 86052K, committed 86144K, reserved 1124352K
  class space    used 10585K, capacity 11623K, committed 11648K, reserved 1048576K
GC Heap History (10 events):
Event: 9.268 GC heap before
{Heap before GC invocations=10 (full 3):
 PSYoungGen      total 294400K, used 16474K [0x00000007a0000000, 0x00000007b9980000, 0x00000007c0000000)
  eden space 272384K, 0% used [0x00000007a0000000,0x00000007a0000000,0x00000007b0a00000)
  from space 22016K, 74% used [0x00000007b0a00000,0x00000007b1a16a48,0x00000007b1f80000)
  to   space 22528K, 0% used [0x00000007b8380000,0x00000007b8380000,0x00000007b9980000)
 ParOldGen       total 173056K, used 30091K [0x0000000760000000, 0x000000076a900000, 0x00000007a0000000)
  object space 173056K, 17% used [0x0000000760000000,0x0000000761d62f30,0x000000076a900000)
 Metaspace       used 57056K, capacity 58836K, committed 59008K, reserved 1099776K
  class space    used 7757K, capacity 8199K, committed 8320K, reserved 1048576K
Event: 9.454 GC heap after
Heap after GC invocations=10 (full 3):
 PSYoungGen      total 294400K, used 0K [0x00000007a0000000, 0x00000007b9980000, 0x00000007c0000000)
  eden space 272384K, 0% used [0x00000007a0000000,0x00000007a0000000,0x00000007b0a00000)
  from space 22016K, 0% used [0x00000007b0a00000,0x00000007b0a00000,0x00000007b1f80000)
  to   space 22528K, 0% used [0x00000007b8380000,0x00000007b8380000,0x00000007b9980000)
 ParOldGen       total 260608K, used 32210K [0x0000000760000000, 0x000000076fe80000, 0x00000007a0000000)
  object space 260608K, 12% used [0x0000000760000000,0x0000000761f74998,0x000000076fe80000)
 Metaspace       used 57052K, capacity 58824K, committed 59008K, reserved 1099776K
  class space    used 7755K, capacity 8197K, committed 8320K, reserved 1048576K
}
Event: 230.263 GC heap before
{Heap before GC invocations=11 (full 3):
 PSYoungGen      total 294400K, used 272384K [0x00000007a0000000, 0x00000007b9980000, 0x00000007c0000000)
  eden space 272384K, 100% used [0x00000007a0000000,0x00000007b0a00000,0x00000007b0a00000)
  from space 22016K, 0% used [0x00000007b0a00000,0x00000007b0a00000,0x00000007b1f80000)
  to   space 22528K, 0% used [0x00000007b8380000,0x00000007b8380000,0x00000007b9980000)
 ParOldGen       total 260608K, used 32210K [0x0000000760000000, 0x000000076fe80000, 0x00000007a0000000)
  object space 260608K, 12% used [0x0000000760000000,0x0000000761f74998,0x000000076fe80000)
 Metaspace       used 72674K, capacity 76774K, committed 76800K, reserved 1116160K
  class space    used 9679K, capacity 10490K, committed 10496K, reserved 1048576K
Event: 230.296 GC heap after
Heap after GC invocations=11 (full 3):
 PSYoungGen      total 364032K, used 22521K [0x00000007a0000000, 0x00000007b9980000, 0x00000007c0000000)
  eden space 341504K, 0% used [0x00000007a0000000,0x00000007a0000000,0x00000007b4d80000)
  from space 22528K, 99% used [0x00000007b8380000,0x00000007b997e5d0,0x00000007b9980000)
  to   space 33792K, 0% used [0x00000007b5780000,0x00000007b5780000,0x00000007b7880000)
 ParOldGen       total 260608K, used 50579K [0x0000000760000000, 0x000000076fe80000, 0x00000007a0000000)
  object space 260608K, 19% used [0x0000000760000000,0x0000000763164ea8,0x000000076fe80000)
 Metaspace       used 72674K, capacity 76774K, committed 76800K, reserved 1116160K
  class space    used 9679K, capacity 10490K, committed 10496K, reserved 1048576K
}
Event: 232.874 GC heap before
{Heap before GC invocations=12 (full 3):
 PSYoungGen      total 364032K, used 362482K [0x00000007a0000000, 0x00000007b9980000, 0x00000007c0000000)
  eden space 341504K, 99% used [0x00000007a0000000,0x00000007b4bfe370,0x00000007b4d80000)
  from space 22528K, 99% used [0x00000007b8380000,0x00000007b997e5d0,0x00000007b9980000)
  to   space 33792K, 0% used [0x00000007b5780000,0x00000007b5780000,0x00000007b7880000)
 ParOldGen       total 260608K, used 50579K [0x0000000760000000, 0x000000076fe80000, 0x00000007a0000000)
  object space 260608K, 19% used [0x0000000760000000,0x0000000763164ea8,0x000000076fe80000)
 Metaspace       used 76319K, capacity 80850K, committed 80896K, reserved 1120256K
  class space    used 10099K, capacity 11000K, committed 11008K, reserved 1048576K
Event: 232.896 GC heap after
Heap after GC invocations=12 (full 3):
 PSYoungGen      total 385536K, used 33767K [0x00000007a0000000, 0x00000007bcd00000, 0x00000007c0000000)
  eden space 351744K, 0% used [0x00000007a0000000,0x00000007a0000000,0x00000007b5780000)
  from space 33792K, 99% used [0x00000007b5780000,0x00000007b7879c10,0x00000007b7880000)
  to   space 38912K, 0% used [0x00000007ba700000,0x00000007ba700000,0x00000007bcd00000)
 ParOldGen       total 260608K, used 51167K [0x0000000760000000, 0x000000076fe80000, 0x00000007a0000000)
  object space 260608K, 19% used [0x0000000760000000,0x00000007631f7f68,0x000000076fe80000)
 Metaspace       used 76319K, capacity 80850K, committed 80896K, reserved 1120256K
  class space    used 10099K, capacity 11000K, committed 11008K, reserved 1048576K
}
Event: 3128.124 GC heap before
{Heap before GC invocations=13 (full 3):
 PSYoungGen      total 385536K, used 385511K [0x00000007a0000000, 0x00000007bcd00000, 0x00000007c0000000)
  eden space 351744K, 100% used [0x00000007a0000000,0x00000007b5780000,0x00000007b5780000)
  from space 33792K, 99% used [0x00000007b5780000,0x00000007b7879c10,0x00000007b7880000)
  to   space 38912K, 0% used [0x00000007ba700000,0x00000007ba700000,0x00000007bcd00000)
 ParOldGen       total 260608K, used 51167K [0x0000000760000000, 0x000000076fe80000, 0x00000007a0000000)
  object space 260608K, 19% used [0x0000000760000000,0x00000007631f7f68,0x000000076fe80000)
 Metaspace       used 79231K, capacity 84192K, committed 84352K, reserved 1122304K
  class space    used 10404K, capacity 11343K, committed 11392K, reserved 1048576K
Event: 3128.156 GC heap after
Heap after GC invocations=13 (full 3):
 PSYoungGen      total 373248K, used 31755K [0x00000007a0000000, 0x00000007bc680000, 0x00000007c0000000)
  eden space 340992K, 0% used [0x00000007a0000000,0x00000007a0000000,0x00000007b4d00000)
  from space 32256K, 98% used [0x00000007ba700000,0x00000007bc602e40,0x00000007bc680000)
  to   space 41984K, 0% used [0x00000007b7480000,0x00000007b7480000,0x00000007b9d80000)
 ParOldGen       total 260608K, used 51175K [0x0000000760000000, 0x000000076fe80000, 0x00000007a0000000)
  object space 260608K, 19% used [0x0000000760000000,0x00000007631f9f68,0x000000076fe80000)
 Metaspace       used 79231K, capacity 84192K, committed 84352K, reserved 1122304K
  class space    used 10404K, capacity 11343K, committed 11392K, reserved 1048576K
}
Event: 3686.640 GC heap before
{Heap before GC invocations=14 (full 3):
 PSYoungGen      total 373248K, used 372747K [0x00000007a0000000, 0x00000007bc680000, 0x00000007c0000000)
  eden space 340992K, 100% used [0x00000007a0000000,0x00000007b4d00000,0x00000007b4d00000)
  from space 32256K, 98% used [0x00000007ba700000,0x00000007bc602e40,0x00000007bc680000)
  to   space 41984K, 0% used [0x00000007b7480000,0x00000007b7480000,0x00000007b9d80000)
 ParOldGen       total 260608K, used 51175K [0x0000000760000000, 0x000000076fe80000, 0x00000007a0000000)
  object space 260608K, 19% used [0x0000000760000000,0x00000007631f9f68,0x000000076fe80000)
 Metaspace       used 80507K, capacity 85752K, committed 85888K, reserved 1124352K
  class space    used 10547K, capacity 11583K, committed 11648K, reserved 1048576K
Event: 3686.666 GC heap after
Heap after GC invocations=14 (full 3):
 PSYoungGen      total 367616K, used 36556K [0x00000007a0000000, 0x00000007ba780000, 0x00000007c0000000)
  eden space 330752K, 0% used [0x00000007a0000000,0x00000007a0000000,0x00000007b4300000)
  from space 36864K, 99% used [0x00000007b7480000,0x00000007b9833138,0x00000007b9880000)
  to   space 15360K, 0% used [0x00000007b9880000,0x00000007b9880000,0x00000007ba780000)
 ParOldGen       total 260608K, used 51183K [0x0000000760000000, 0x000000076fe80000, 0x00000007a0000000)
  object space 260608K, 19% used [0x0000000760000000,0x00000007631fbf68,0x000000076fe80000)
 Metaspace       used 80507K, capacity 85752K, committed 85888K, reserved 1124352K
  class space    used 10547K, capacity 11583K, committed 11648K, reserved 1048576K
}

