# JRE version: OpenJDK Runtime Environment (8.0_152-b01) (build 1.8.0_152-release-1024-b01)
# Java VM: OpenJDK 64-Bit Server VM (25.152-b01 mixed mode bsd-amd64 compressed oops)
Heap:
 PSYoungGen      total 206848K, used 48217K [0x00000007a0000000, 0x00000007aeb00000, 0x00000007c0000000)
  eden space 185344K, 14% used [0x00000007a0000000,0x00000007a1a179f8,0x00000007ab500000)
  from space 21504K, 99% used [0x00000007ac700000,0x00000007adbfed48,0x00000007adc00000)
  to   space 15360K, 0% used [0x00000007adc00000,0x00000007adc00000,0x00000007aeb00000)
 ParOldGen       total 253952K, used 38955K [0x0000000760000000, 0x000000076f800000, 0x00000007a0000000)
  object space 253952K, 15% used [0x0000000760000000,0x000000076260af38,0x000000076f800000)
 Metaspace       used 73184K, capacity 76842K, committed 77056K, reserved 1116160K
  class space    used 9458K, capacity 10234K, committed 10240K, reserved 1048576K
GC Heap History (10 events):
Event: 480.054 GC heap before
{Heap before GC invocations=12 (full 3):
 PSYoungGen      total 223232K, used 202752K [0x00000007a0000000, 0x00000007af400000, 0x00000007c0000000)
  eden space 202752K, 100% used [0x00000007a0000000,0x00000007ac600000,0x00000007ac600000)
  from space 20480K, 0% used [0x00000007ae000000,0x00000007ae000000,0x00000007af400000)
  to   space 23552K, 0% used [0x00000007ac600000,0x00000007ac600000,0x00000007add00000)
 ParOldGen       total 253952K, used 33601K [0x0000000760000000, 0x000000076f800000, 0x00000007a0000000)
  object space 253952K, 13% used [0x0000000760000000,0x00000007620d0740,0x000000076f800000)
 Metaspace       used 61358K, capacity 63594K, committed 63744K, reserved 1103872K
  class space    used 8174K, capacity 8660K, committed 8704K, reserved 1048576K
Event: 480.068 GC heap after
Heap after GC invocations=12 (full 3):
 PSYoungGen      total 226304K, used 9762K [0x00000007a0000000, 0x00000007b1500000, 0x00000007c0000000)
  eden space 202752K, 0% used [0x00000007a0000000,0x00000007a0000000,0x00000007ac600000)
  from space 23552K, 41% used [0x00000007ac600000,0x00000007acf88a80,0x00000007add00000)
  to   space 23040K, 0% used [0x00000007afe80000,0x00000007afe80000,0x00000007b1500000)
 ParOldGen       total 253952K, used 33609K [0x0000000760000000, 0x000000076f800000, 0x00000007a0000000)
  object space 253952K, 13% used [0x0000000760000000,0x00000007620d2740,0x000000076f800000)
 Metaspace       used 61358K, capacity 63594K, committed 63744K, reserved 1103872K
  class space    used 8174K, capacity 8660K, committed 8704K, reserved 1048576K
}
Event: 1641.403 GC heap before
{Heap before GC invocations=13 (full 3):
 PSYoungGen      total 226304K, used 212514K [0x00000007a0000000, 0x00000007b1500000, 0x00000007c0000000)
  eden space 202752K, 100% used [0x00000007a0000000,0x00000007ac600000,0x00000007ac600000)
  from space 23552K, 41% used [0x00000007ac600000,0x00000007acf88a80,0x00000007add00000)
  to   space 23040K, 0% used [0x00000007afe80000,0x00000007afe80000,0x00000007b1500000)
 ParOldGen       total 253952K, used 33609K [0x0000000760000000, 0x000000076f800000, 0x00000007a0000000)
  object space 253952K, 13% used [0x0000000760000000,0x00000007620d2740,0x000000076f800000)
 Metaspace       used 65112K, capacity 67488K, committed 67584K, reserved 1107968K
  class space    used 8587K, capacity 9135K, committed 9216K, reserved 1048576K
Event: 1641.420 GC heap after
Heap after GC invocations=13 (full 3):
 PSYoungGen      total 209920K, used 11773K [0x00000007a0000000, 0x00000007b0a00000, 0x00000007c0000000)
  eden space 198144K, 0% used [0x00000007a0000000,0x00000007a0000000,0x00000007ac180000)
  from space 11776K, 99% used [0x00000007afe80000,0x00000007b09ff608,0x00000007b0a00000)
  to   space 22016K, 0% used [0x00000007adf00000,0x00000007adf00000,0x00000007af480000)
 ParOldGen       total 253952K, used 33636K [0x0000000760000000, 0x000000076f800000, 0x00000007a0000000)
  object space 253952K, 13% used [0x0000000760000000,0x00000007620d9390,0x000000076f800000)
 Metaspace       used 65112K, capacity 67488K, committed 67584K, reserved 1107968K
  class space    used 8587K, capacity 9135K, committed 9216K, reserved 1048576K
}
Event: 2618.202 GC heap before
{Heap before GC invocations=14 (full 3):
 PSYoungGen      total 209920K, used 209917K [0x00000007a0000000, 0x00000007b0a00000, 0x00000007c0000000)
  eden space 198144K, 100% used [0x00000007a0000000,0x00000007ac180000,0x00000007ac180000)
  from space 11776K, 99% used [0x00000007afe80000,0x00000007b09ff608,0x00000007b0a00000)
  to   space 22016K, 0% used [0x00000007adf00000,0x00000007adf00000,0x00000007af480000)
 ParOldGen       total 253952K, used 33636K [0x0000000760000000, 0x000000076f800000, 0x00000007a0000000)
  object space 253952K, 13% used [0x0000000760000000,0x00000007620d9390,0x000000076f800000)
 Metaspace       used 66274K, capacity 69060K, committed 69248K, reserved 1110016K
  class space    used 8651K, capacity 9253K, committed 9344K, reserved 1048576K
Event: 2618.209 GC heap after
Heap after GC invocations=14 (full 3):
 PSYoungGen      total 205312K, used 11551K [0x00000007a0000000, 0x00000007aff00000, 0x00000007c0000000)
  eden space 193536K, 0% used [0x00000007a0000000,0x00000007a0000000,0x00000007abd00000)
  from space 11776K, 98% used [0x00000007adf00000,0x00000007aea47c50,0x00000007aea80000)
  to   space 20992K, 0% used [0x00000007aea80000,0x00000007aea80000,0x00000007aff00000)
 ParOldGen       total 253952K, used 33644K [0x0000000760000000, 0x000000076f800000, 0x00000007a0000000)
  object space 253952K, 13% used [0x0000000760000000,0x00000007620db390,0x000000076f800000)
 Metaspace       used 66274K, capacity 69060K, committed 69248K, reserved 1110016K
  class space    used 8651K, capacity 9253K, committed 9344K, reserved 1048576K
}
Event: 7214.222 GC heap before
{Heap before GC invocations=15 (full 3):
 PSYoungGen      total 205312K, used 205087K [0x00000007a0000000, 0x00000007aff00000, 0x00000007c0000000)
  eden space 193536K, 100% used [0x00000007a0000000,0x00000007abd00000,0x00000007abd00000)
  from space 11776K, 98% used [0x00000007adf00000,0x00000007aea47c50,0x00000007aea80000)
  to   space 20992K, 0% used [0x00000007aea80000,0x00000007aea80000,0x00000007aff00000)
 ParOldGen       total 253952K, used 33644K [0x0000000760000000, 0x000000076f800000, 0x00000007a0000000)
  object space 253952K, 13% used [0x0000000760000000,0x00000007620db390,0x000000076f800000)
 Metaspace       used 67175K, capacity 70720K, committed 70912K, reserved 1110016K
  class space    used 8765K, capacity 9463K, committed 9472K, reserved 1048576K
Event: 7214.229 GC heap after
Heap after GC invocations=15 (full 3):
 PSYoungGen      total 196096K, used 6592K [0x00000007a0000000, 0x00000007af100000, 0x00000007c0000000)
  eden space 189440K, 0% used [0x00000007a0000000,0x00000007a0000000,0x00000007ab900000)
  from space 6656K, 99% used [0x00000007aea80000,0x00000007af0f00e8,0x00000007af100000)
  to   space 21504K, 0% used [0x00000007ac700000,0x00000007ac700000,0x00000007adc00000)
 ParOldGen       total 253952K, used 33652K [0x0000000760000000, 0x000000076f800000, 0x00000007a0000000)
  object space 253952K, 13% used [0x0000000760000000,0x00000007620dd390,0x000000076f800000)
 Metaspace       used 67175K, capacity 70720K, committed 70912K, reserved 1110016K
  class space    used 8765K, capacity 9463K, committed 9472K, reserved 1048576K
}
Event: 7488.876 GC heap before
{Heap before GC invocations=16 (full 3):
 PSYoungGen      total 196096K, used 196032K [0x00000007a0000000, 0x00000007af100000, 0x00000007c0000000)
  eden space 189440K, 100% used [0x00000007a0000000,0x00000007ab900000,0x00000007ab900000)
  from space 6656K, 99% used [0x00000007aea80000,0x00000007af0f00e8,0x00000007af100000)
  to   space 21504K, 0% used [0x00000007ac700000,0x00000007ac700000,0x00000007adc00000)
 ParOldGen       total 253952K, used 33652K [0x0000000760000000, 0x000000076f800000, 0x00000007a0000000)
  object space 253952K, 13% used [0x0000000760000000,0x00000007620dd390,0x000000076f800000)
 Metaspace       used 73088K, capacity 76778K, committed 76800K, reserved 1116160K
  class space    used 9458K, capacity 10234K, committed 10240K, reserved 1048576K
Event: 7488.897 GC heap after
Heap after GC invocations=16 (full 3):
 PSYoungGen      total 206848K, used 21499K [0x00000007a0000000, 0x00000007aeb00000, 0x00000007c0000000)
  eden space 185344K, 0% used [0x00000007a0000000,0x00000007a0000000,0x00000007ab500000)
  from space 21504K, 99% used [0x00000007ac700000,0x00000007adbfed48,0x00000007adc00000)
  to   space 15360K, 0% used [0x00000007adc00000,0x00000007adc00000,0x00000007aeb00000)
 ParOldGen       total 253952K, used 38955K [0x0000000760000000, 0x000000076f800000, 0x00000007a0000000)
  object space 253952K, 15% used [0x0000000760000000,0x000000076260af38,0x000000076f800000)
 Metaspace       used 73088K, capacity 76778K, committed 76800K, reserved 1116160K
  class space    used 9458K, capacity 10234K, committed 10240K, reserved 1048576K
}

