# JRE version: OpenJDK Runtime Environment (8.0_152-b01) (build 1.8.0_152-release-1024-b01)
# Java VM: OpenJDK 64-Bit Server VM (25.152-b01 mixed mode bsd-amd64 compressed oops)
Heap:
 PSYoungGen      total 145920K, used 73330K [0x00000007a0000000, 0x00000007ad500000, 0x00000007c0000000)
  eden space 130560K, 44% used [0x00000007a0000000,0x00000007a389d5e8,0x00000007a7f80000)
  from space 15360K, 99% used [0x00000007a7f80000,0x00000007a8e7f520,0x00000007a8e80000)
  to   space 20480K, 0% used [0x00000007ac100000,0x00000007ac100000,0x00000007ad500000)
 ParOldGen       total 188416K, used 25677K [0x0000000760000000, 0x000000076b800000, 0x00000007a0000000)
  object space 188416K, 13% used [0x0000000760000000,0x0000000761913590,0x000000076b800000)
 Metaspace       used 54788K, capacity 56468K, committed 56576K, reserved 1097728K
  class space    used 7485K, capacity 7911K, committed 7936K, reserved 1048576K
GC Heap History (10 events):
Event: 3.001 GC heap before
{Heap before GC invocations=5 (full 1):
 PSYoungGen      total 76288K, used 65536K [0x00000007a0000000, 0x00000007a9500000, 0x00000007c0000000)
  eden space 65536K, 100% used [0x00000007a0000000,0x00000007a4000000,0x00000007a4000000)
  from space 10752K, 0% used [0x00000007a4000000,0x00000007a4000000,0x00000007a4a80000)
  to   space 10752K, 0% used [0x00000007a8a80000,0x00000007a8a80000,0x00000007a9500000)
 ParOldGen       total 112640K, used 8687K [0x0000000760000000, 0x0000000766e00000, 0x00000007a0000000)
  object space 112640K, 7% used [0x0000000760000000,0x000000076087bc80,0x0000000766e00000)
 Metaspace       used 26224K, capacity 26766K, committed 27136K, reserved 1073152K
  class space    used 3632K, capacity 3796K, committed 3840K, reserved 1048576K
Event: 3.012 GC heap after
Heap after GC invocations=5 (full 1):
 PSYoungGen      total 101376K, used 6900K [0x00000007a0000000, 0x00000007a9180000, 0x00000007c0000000)
  eden space 94208K, 0% used [0x00000007a0000000,0x00000007a0000000,0x00000007a5c00000)
  from space 7168K, 96% used [0x00000007a8a80000,0x00000007a913d1e0,0x00000007a9180000)
  to   space 10752K, 0% used [0x00000007a7c80000,0x00000007a7c80000,0x00000007a8700000)
 ParOldGen       total 112640K, used 8687K [0x0000000760000000, 0x0000000766e00000, 0x00000007a0000000)
  object space 112640K, 7% used [0x0000000760000000,0x000000076087bc80,0x0000000766e00000)
 Metaspace       used 26224K, capacity 26766K, committed 27136K, reserved 1073152K
  class space    used 3632K, capacity 3796K, committed 3840K, reserved 1048576K
}
Event: 4.451 GC heap before
{Heap before GC invocations=6 (full 1):
 PSYoungGen      total 101376K, used 96778K [0x00000007a0000000, 0x00000007a9180000, 0x00000007c0000000)
  eden space 94208K, 95% used [0x00000007a0000000,0x00000007a57c58a8,0x00000007a5c00000)
  from space 7168K, 96% used [0x00000007a8a80000,0x00000007a913d1e0,0x00000007a9180000)
  to   space 10752K, 0% used [0x00000007a7c80000,0x00000007a7c80000,0x00000007a8700000)
 ParOldGen       total 112640K, used 8687K [0x0000000760000000, 0x0000000766e00000, 0x00000007a0000000)
  object space 112640K, 7% used [0x0000000760000000,0x000000076087bc80,0x0000000766e00000)
 Metaspace       used 34544K, capacity 35152K, committed 35416K, reserved 1079296K
  class space    used 4760K, capacity 4998K, committed 5120K, reserved 1048576K
Event: 4.461 GC heap after
Heap after GC invocations=6 (full 1):
 PSYoungGen      total 138240K, used 10743K [0x00000007a0000000, 0x00000007a9b80000, 0x00000007c0000000)
  eden space 127488K, 0% used [0x00000007a0000000,0x00000007a0000000,0x00000007a7c80000)
  from space 10752K, 99% used [0x00000007a7c80000,0x00000007a86fdfc0,0x00000007a8700000)
  to   space 13312K, 0% used [0x00000007a8e80000,0x00000007a8e80000,0x00000007a9b80000)
 ParOldGen       total 112640K, used 10531K [0x0000000760000000, 0x0000000766e00000, 0x00000007a0000000)
  object space 112640K, 9% used [0x0000000760000000,0x0000000760a48f78,0x0000000766e00000)
 Metaspace       used 34544K, capacity 35152K, committed 35416K, reserved 1079296K
  class space    used 4760K, capacity 4998K, committed 5120K, reserved 1048576K
}
Event: 4.461 GC heap before
{Heap before GC invocations=7 (full 2):
 PSYoungGen      total 138240K, used 10743K [0x00000007a0000000, 0x00000007a9b80000, 0x00000007c0000000)
  eden space 127488K, 0% used [0x00000007a0000000,0x00000007a0000000,0x00000007a7c80000)
  from space 10752K, 99% used [0x00000007a7c80000,0x00000007a86fdfc0,0x00000007a8700000)
  to   space 13312K, 0% used [0x00000007a8e80000,0x00000007a8e80000,0x00000007a9b80000)
 ParOldGen       total 112640K, used 10531K [0x0000000760000000, 0x0000000766e00000, 0x00000007a0000000)
  object space 112640K, 9% used [0x0000000760000000,0x0000000760a48f78,0x0000000766e00000)
 Metaspace       used 34544K, capacity 35152K, committed 35416K, reserved 1079296K
  class space    used 4760K, capacity 4998K, committed 5120K, reserved 1048576K
Event: 4.508 GC heap after
Heap after GC invocations=7 (full 2):
 PSYoungGen      total 138240K, used 0K [0x00000007a0000000, 0x00000007a9b80000, 0x00000007c0000000)
  eden space 127488K, 0% used [0x00000007a0000000,0x00000007a0000000,0x00000007a7c80000)
  from space 10752K, 0% used [0x00000007a7c80000,0x00000007a7c80000,0x00000007a8700000)
  to   space 13312K, 0% used [0x00000007a8e80000,0x00000007a8e80000,0x00000007a9b80000)
 ParOldGen       total 188416K, used 19106K [0x0000000760000000, 0x000000076b800000, 0x00000007a0000000)
  object space 188416K, 10% used [0x0000000760000000,0x00000007612a8a40,0x000000076b800000)
 Metaspace       used 34544K, capacity 35152K, committed 35416K, reserved 1079296K
  class space    used 4760K, capacity 4998K, committed 5120K, reserved 1048576K
}
Event: 5.858 GC heap before
{Heap before GC invocations=8 (full 2):
 PSYoungGen      total 138240K, used 127488K [0x00000007a0000000, 0x00000007a9b80000, 0x00000007c0000000)
  eden space 127488K, 100% used [0x00000007a0000000,0x00000007a7c80000,0x00000007a7c80000)
  from space 10752K, 0% used [0x00000007a7c80000,0x00000007a7c80000,0x00000007a8700000)
  to   space 13312K, 0% used [0x00000007a8e80000,0x00000007a8e80000,0x00000007a9b80000)
 ParOldGen       total 188416K, used 19106K [0x0000000760000000, 0x000000076b800000, 0x00000007a0000000)
  object space 188416K, 10% used [0x0000000760000000,0x00000007612a8a40,0x000000076b800000)
 Metaspace       used 42448K, capacity 43356K, committed 43648K, reserved 1087488K
  class space    used 5866K, capacity 6169K, committed 6272K, reserved 1048576K
Event: 5.871 GC heap after
Heap after GC invocations=8 (full 2):
 PSYoungGen      total 143872K, used 13294K [0x00000007a0000000, 0x00000007ac880000, 0x00000007c0000000)
  eden space 130560K, 0% used [0x00000007a0000000,0x00000007a0000000,0x00000007a7f80000)
  from space 13312K, 99% used [0x00000007a8e80000,0x00000007a9b7b978,0x00000007a9b80000)
  to   space 15360K, 0% used [0x00000007a7f80000,0x00000007a7f80000,0x00000007a8e80000)
 ParOldGen       total 188416K, used 19505K [0x0000000760000000, 0x000000076b800000, 0x00000007a0000000)
  object space 188416K, 10% used [0x0000000760000000,0x000000076130c748,0x000000076b800000)
 Metaspace       used 42448K, capacity 43356K, committed 43648K, reserved 1087488K
  class space    used 5866K, capacity 6169K, committed 6272K, reserved 1048576K
}
Event: 7.730 GC heap before
{Heap before GC invocations=9 (full 2):
 PSYoungGen      total 143872K, used 143854K [0x00000007a0000000, 0x00000007ac880000, 0x00000007c0000000)
  eden space 130560K, 100% used [0x00000007a0000000,0x00000007a7f80000,0x00000007a7f80000)
  from space 13312K, 99% used [0x00000007a8e80000,0x00000007a9b7b978,0x00000007a9b80000)
  to   space 15360K, 0% used [0x00000007a7f80000,0x00000007a7f80000,0x00000007a8e80000)
 ParOldGen       total 188416K, used 19505K [0x0000000760000000, 0x000000076b800000, 0x00000007a0000000)
  object space 188416K, 10% used [0x0000000760000000,0x000000076130c748,0x000000076b800000)
 Metaspace       used 53200K, capacity 54776K, committed 54912K, reserved 1095680K
  class space    used 7310K, capacity 7727K, committed 7808K, reserved 1048576K
Event: 7.746 GC heap after
Heap after GC invocations=9 (full 2):
 PSYoungGen      total 145920K, used 15357K [0x00000007a0000000, 0x00000007ad500000, 0x00000007c0000000)
  eden space 130560K, 0% used [0x00000007a0000000,0x00000007a0000000,0x00000007a7f80000)
  from space 15360K, 99% used [0x00000007a7f80000,0x00000007a8e7f520,0x00000007a8e80000)
  to   space 20480K, 0% used [0x00000007ac100000,0x00000007ac100000,0x00000007ad500000)
 ParOldGen       total 188416K, used 25677K [0x0000000760000000, 0x000000076b800000, 0x00000007a0000000)
  object space 188416K, 13% used [0x0000000760000000,0x0000000761913590,0x000000076b800000)
 Metaspace       used 53200K, capacity 54776K, committed 54912K, reserved 1095680K
  class space    used 7310K, capacity 7727K, committed 7808K, reserved 1048576K
}

