# JRE version: OpenJDK Runtime Environment (8.0_152-b01) (build 1.8.0_152-release-1024-b01)
# Java VM: OpenJDK 64-Bit Server VM (25.152-b01 mixed mode bsd-amd64 compressed oops)
Heap:
 PSYoungGen      total 149504K, used 43271K [0x00000007a0000000, 0x00000007add00000, 0x00000007c0000000)
  eden space 134144K, 20% used [0x00000007a0000000,0x00000007a1b46740,0x00000007a8300000)
  from space 15360K, 99% used [0x00000007a8300000,0x00000007a91fb510,0x00000007a9200000)
  to   space 20480K, 0% used [0x00000007ac900000,0x00000007ac900000,0x00000007add00000)
 ParOldGen       total 181248K, used 25850K [0x0000000760000000, 0x000000076b100000, 0x00000007a0000000)
  object space 181248K, 14% used [0x0000000760000000,0x000000076193eab0,0x000000076b100000)
 Metaspace       used 54327K, capacity 55948K, committed 56320K, reserved 1097728K
  class space    used 7437K, capacity 7859K, committed 7936K, reserved 1048576K
GC Heap History (10 events):
Event: 2.637 GC heap before
{Heap before GC invocations=5 (full 1):
 PSYoungGen      total 76288K, used 65536K [0x00000007a0000000, 0x00000007a9500000, 0x00000007c0000000)
  eden space 65536K, 100% used [0x00000007a0000000,0x00000007a4000000,0x00000007a4000000)
  from space 10752K, 0% used [0x00000007a4000000,0x00000007a4000000,0x00000007a4a80000)
  to   space 10752K, 0% used [0x00000007a8a80000,0x00000007a8a80000,0x00000007a9500000)
 ParOldGen       total 111104K, used 8716K [0x0000000760000000, 0x0000000766c80000, 0x00000007a0000000)
  object space 111104K, 7% used [0x0000000760000000,0x0000000760883298,0x0000000766c80000)
 Metaspace       used 26241K, capacity 26766K, committed 27136K, reserved 1073152K
  class space    used 3633K, capacity 3796K, committed 3840K, reserved 1048576K
Event: 2.650 GC heap after
Heap after GC invocations=5 (full 1):
 PSYoungGen      total 102912K, used 6916K [0x00000007a0000000, 0x00000007a9180000, 0x00000007c0000000)
  eden space 95744K, 0% used [0x00000007a0000000,0x00000007a0000000,0x00000007a5d80000)
  from space 7168K, 96% used [0x00000007a8a80000,0x00000007a9141290,0x00000007a9180000)
  to   space 10752K, 0% used [0x00000007a7c80000,0x00000007a7c80000,0x00000007a8700000)
 ParOldGen       total 111104K, used 8716K [0x0000000760000000, 0x0000000766c80000, 0x00000007a0000000)
  object space 111104K, 7% used [0x0000000760000000,0x0000000760883298,0x0000000766c80000)
 Metaspace       used 26241K, capacity 26766K, committed 27136K, reserved 1073152K
  class space    used 3633K, capacity 3796K, committed 3840K, reserved 1048576K
}
Event: 4.070 GC heap before
{Heap before GC invocations=6 (full 1):
 PSYoungGen      total 102912K, used 96927K [0x00000007a0000000, 0x00000007a9180000, 0x00000007c0000000)
  eden space 95744K, 94% used [0x00000007a0000000,0x00000007a57e6a60,0x00000007a5d80000)
  from space 7168K, 96% used [0x00000007a8a80000,0x00000007a9141290,0x00000007a9180000)
  to   space 10752K, 0% used [0x00000007a7c80000,0x00000007a7c80000,0x00000007a8700000)
 ParOldGen       total 111104K, used 8716K [0x0000000760000000, 0x0000000766c80000, 0x00000007a0000000)
  object space 111104K, 7% used [0x0000000760000000,0x0000000760883298,0x0000000766c80000)
 Metaspace       used 34468K, capacity 35152K, committed 35416K, reserved 1079296K
  class space    used 4756K, capacity 4998K, committed 5120K, reserved 1048576K
Event: 4.080 GC heap after
Heap after GC invocations=6 (full 1):
 PSYoungGen      total 138240K, used 10722K [0x00000007a0000000, 0x00000007a9f00000, 0x00000007c0000000)
  eden space 127488K, 0% used [0x00000007a0000000,0x00000007a0000000,0x00000007a7c80000)
  from space 10752K, 99% used [0x00000007a7c80000,0x00000007a86f8b60,0x00000007a8700000)
  to   space 13312K, 0% used [0x00000007a9200000,0x00000007a9200000,0x00000007a9f00000)
 ParOldGen       total 111104K, used 10532K [0x0000000760000000, 0x0000000766c80000, 0x00000007a0000000)
  object space 111104K, 9% used [0x0000000760000000,0x0000000760a49080,0x0000000766c80000)
 Metaspace       used 34468K, capacity 35152K, committed 35416K, reserved 1079296K
  class space    used 4756K, capacity 4998K, committed 5120K, reserved 1048576K
}
Event: 4.080 GC heap before
{Heap before GC invocations=7 (full 2):
 PSYoungGen      total 138240K, used 10722K [0x00000007a0000000, 0x00000007a9f00000, 0x00000007c0000000)
  eden space 127488K, 0% used [0x00000007a0000000,0x00000007a0000000,0x00000007a7c80000)
  from space 10752K, 99% used [0x00000007a7c80000,0x00000007a86f8b60,0x00000007a8700000)
  to   space 13312K, 0% used [0x00000007a9200000,0x00000007a9200000,0x00000007a9f00000)
 ParOldGen       total 111104K, used 10532K [0x0000000760000000, 0x0000000766c80000, 0x00000007a0000000)
  object space 111104K, 9% used [0x0000000760000000,0x0000000760a49080,0x0000000766c80000)
 Metaspace       used 34468K, capacity 35152K, committed 35416K, reserved 1079296K
  class space    used 4756K, capacity 4998K, committed 5120K, reserved 1048576K
Event: 4.120 GC heap after
Heap after GC invocations=7 (full 2):
 PSYoungGen      total 138240K, used 0K [0x00000007a0000000, 0x00000007a9f00000, 0x00000007c0000000)
  eden space 127488K, 0% used [0x00000007a0000000,0x00000007a0000000,0x00000007a7c80000)
  from space 10752K, 0% used [0x00000007a7c80000,0x00000007a7c80000,0x00000007a8700000)
  to   space 13312K, 0% used [0x00000007a9200000,0x00000007a9200000,0x00000007a9f00000)
 ParOldGen       total 181248K, used 19108K [0x0000000760000000, 0x000000076b100000, 0x00000007a0000000)
  object space 181248K, 10% used [0x0000000760000000,0x00000007612a9390,0x000000076b100000)
 Metaspace       used 34468K, capacity 35152K, committed 35416K, reserved 1079296K
  class space    used 4756K, capacity 4998K, committed 5120K, reserved 1048576K
}
Event: 5.390 GC heap before
{Heap before GC invocations=8 (full 2):
 PSYoungGen      total 138240K, used 127488K [0x00000007a0000000, 0x00000007a9f00000, 0x00000007c0000000)
  eden space 127488K, 100% used [0x00000007a0000000,0x00000007a7c80000,0x00000007a7c80000)
  from space 10752K, 0% used [0x00000007a7c80000,0x00000007a7c80000,0x00000007a8700000)
  to   space 13312K, 0% used [0x00000007a9200000,0x00000007a9200000,0x00000007a9f00000)
 ParOldGen       total 181248K, used 19108K [0x0000000760000000, 0x000000076b100000, 0x00000007a0000000)
  object space 181248K, 10% used [0x0000000760000000,0x00000007612a9390,0x000000076b100000)
 Metaspace       used 42529K, capacity 43424K, committed 43904K, reserved 1087488K
  class space    used 5876K, capacity 6169K, committed 6272K, reserved 1048576K
Event: 5.404 GC heap after
Heap after GC invocations=8 (full 2):
 PSYoungGen      total 147456K, used 13284K [0x00000007a0000000, 0x00000007acd80000, 0x00000007c0000000)
  eden space 134144K, 0% used [0x00000007a0000000,0x00000007a0000000,0x00000007a8300000)
  from space 13312K, 99% used [0x00000007a9200000,0x00000007a9ef9020,0x00000007a9f00000)
  to   space 15360K, 0% used [0x00000007a8300000,0x00000007a8300000,0x00000007a9200000)
 ParOldGen       total 181248K, used 19595K [0x0000000760000000, 0x000000076b100000, 0x00000007a0000000)
  object space 181248K, 10% used [0x0000000760000000,0x0000000761322d88,0x000000076b100000)
 Metaspace       used 42529K, capacity 43424K, committed 43904K, reserved 1087488K
  class space    used 5876K, capacity 6169K, committed 6272K, reserved 1048576K
}
Event: 7.283 GC heap before
{Heap before GC invocations=9 (full 2):
 PSYoungGen      total 147456K, used 147428K [0x00000007a0000000, 0x00000007acd80000, 0x00000007c0000000)
  eden space 134144K, 100% used [0x00000007a0000000,0x00000007a8300000,0x00000007a8300000)
  from space 13312K, 99% used [0x00000007a9200000,0x00000007a9ef9020,0x00000007a9f00000)
  to   space 15360K, 0% used [0x00000007a8300000,0x00000007a8300000,0x00000007a9200000)
 ParOldGen       total 181248K, used 19595K [0x0000000760000000, 0x000000076b100000, 0x00000007a0000000)
  object space 181248K, 10% used [0x0000000760000000,0x0000000761322d88,0x000000076b100000)
 Metaspace       used 53279K, capacity 54904K, committed 55168K, reserved 1097728K
  class space    used 7314K, capacity 7727K, committed 7808K, reserved 1048576K
Event: 7.297 GC heap after
Heap after GC invocations=9 (full 2):
 PSYoungGen      total 149504K, used 15341K [0x00000007a0000000, 0x00000007add00000, 0x00000007c0000000)
  eden space 134144K, 0% used [0x00000007a0000000,0x00000007a0000000,0x00000007a8300000)
  from space 15360K, 99% used [0x00000007a8300000,0x00000007a91fb510,0x00000007a9200000)
  to   space 20480K, 0% used [0x00000007ac900000,0x00000007ac900000,0x00000007add00000)
 ParOldGen       total 181248K, used 25850K [0x0000000760000000, 0x000000076b100000, 0x00000007a0000000)
  object space 181248K, 14% used [0x0000000760000000,0x000000076193eab0,0x000000076b100000)
 Metaspace       used 53279K, capacity 54904K, committed 55168K, reserved 1097728K
  class space    used 7314K, capacity 7727K, committed 7808K, reserved 1048576K
}

